11-Aug-2022 16:01:23.420 資訊 [main] org.apache.catalina.startup.VersionLoggerListener.log Server version name:   Apache Tomcat/8.5.70
11-Aug-2022 16:01:23.582 資訊 [main] org.apache.catalina.startup.VersionLoggerListener.log Server built:          Aug 9 2021 16:17:14 UTC
11-Aug-2022 16:01:23.583 資訊 [main] org.apache.catalina.startup.VersionLoggerListener.log Server version number: 8.5.70.0
11-Aug-2022 16:01:23.583 資訊 [main] org.apache.catalina.startup.VersionLoggerListener.log OS Name:               Windows 10
11-Aug-2022 16:01:23.584 資訊 [main] org.apache.catalina.startup.VersionLoggerListener.log OS Version:            10.0
11-Aug-2022 16:01:23.584 資訊 [main] org.apache.catalina.startup.VersionLoggerListener.log Architecture:          amd64
11-Aug-2022 16:01:23.584 資訊 [main] org.apache.catalina.startup.VersionLoggerListener.log Java Home:             C:\Program Files\ojdkbuild\java-1.8.0-openjdk-1.8.0.302-1\jre
11-Aug-2022 16:01:23.585 資訊 [main] org.apache.catalina.startup.VersionLoggerListener.log JVM Version:           1.8.0_302-b08
11-Aug-2022 16:01:23.585 資訊 [main] org.apache.catalina.startup.VersionLoggerListener.log JVM Vendor:            ojdkbuild
11-Aug-2022 16:01:23.586 資訊 [main] org.apache.catalina.startup.VersionLoggerListener.log CATALINA_BASE:         E:\Education\快樂營\happycamp2022\apache-tomcat-8.5.70
11-Aug-2022 16:01:23.586 資訊 [main] org.apache.catalina.startup.VersionLoggerListener.log CATALINA_HOME:         E:\Education\快樂營\happycamp2022\apache-tomcat-8.5.70
11-Aug-2022 16:01:23.586 資訊 [main] org.apache.catalina.startup.VersionLoggerListener.log Command line argument: -Djava.util.logging.config.file=E:\Education\快樂營\happycamp2022\apache-tomcat-8.5.70\conf\logging.properties
11-Aug-2022 16:01:23.587 資訊 [main] org.apache.catalina.startup.VersionLoggerListener.log Command line argument: -Djava.util.logging.manager=org.apache.juli.ClassLoaderLogManager
11-Aug-2022 16:01:23.587 資訊 [main] org.apache.catalina.startup.VersionLoggerListener.log Command line argument: -Djdk.tls.ephemeralDHKeySize=2048
11-Aug-2022 16:01:23.587 資訊 [main] org.apache.catalina.startup.VersionLoggerListener.log Command line argument: -Djava.protocol.handler.pkgs=org.apache.catalina.webresources
11-Aug-2022 16:01:23.588 資訊 [main] org.apache.catalina.startup.VersionLoggerListener.log Command line argument: -Dignore.endorsed.dirs=
11-Aug-2022 16:01:23.588 資訊 [main] org.apache.catalina.startup.VersionLoggerListener.log Command line argument: -Dcatalina.base=E:\Education\快樂營\happycamp2022\apache-tomcat-8.5.70
11-Aug-2022 16:01:23.635 資訊 [main] org.apache.catalina.startup.VersionLoggerListener.log Command line argument: -Dcatalina.home=E:\Education\快樂營\happycamp2022\apache-tomcat-8.5.70
11-Aug-2022 16:01:23.639 資訊 [main] org.apache.catalina.startup.VersionLoggerListener.log Command line argument: -Djava.io.tmpdir=E:\Education\快樂營\happycamp2022\apache-tomcat-8.5.70\temp
11-Aug-2022 16:01:23.640 資訊 [main] org.apache.catalina.core.AprLifecycleListener.lifecycleEvent Loaded Apache Tomcat Native library [1.2.30] using APR version [1.7.0].
11-Aug-2022 16:01:23.640 資訊 [main] org.apache.catalina.core.AprLifecycleListener.lifecycleEvent APR capabilities: IPv6 [true], sendfile [true], accept filters [false], random [true].
11-Aug-2022 16:01:23.641 資訊 [main] org.apache.catalina.core.AprLifecycleListener.lifecycleEvent APR/OpenSSL configuration: useAprConnector [false], useOpenSSL [true]
11-Aug-2022 16:01:23.651 資訊 [main] org.apache.catalina.core.AprLifecycleListener.initializeSSL OpenSSL successfully initialized [OpenSSL 1.1.1k  25 Mar 2021]
11-Aug-2022 16:01:24.734 資訊 [main] org.apache.coyote.AbstractProtocol.init Initializing ProtocolHandler ["http-nio-8080"]
11-Aug-2022 16:01:24.986 資訊 [main] org.apache.tomcat.util.net.NioSelectorPool.getSharedSelector Using a shared selector for servlet write/read
11-Aug-2022 16:01:25.000 資訊 [main] org.apache.catalina.startup.Catalina.load Initialization processed in 2214 ms
11-Aug-2022 16:01:25.055 資訊 [main] org.apache.catalina.core.StandardService.startInternal Starting service [Catalina]
11-Aug-2022 16:01:25.057 資訊 [main] org.apache.catalina.core.StandardEngine.startInternal Starting Servlet engine: [Apache Tomcat/8.5.70]
11-Aug-2022 16:01:25.092 資訊 [localhost-startStop-1] org.apache.catalina.startup.HostConfig.deployWAR Deploying web application archive [E:\Education\快樂營\happycamp2022\apache-tomcat-8.5.70\webapps\happycamp.war]
11-Aug-2022 16:01:26.305 警告 [localhost-startStop-1] org.apache.tomcat.util.descriptor.web.WebXml.setVersion Unknown version string [4.0]. Default version will be used.
11-Aug-2022 16:01:26.852 資訊 [localhost-startStop-1] org.apache.jasper.servlet.TldScanner.scanJars At least one JAR was scanned for TLDs yet contained no TLDs. Enable debug logging for this logger for a complete list of JARs that were scanned but no TLDs were found in them. Skipping unneeded JARs during scanning can improve startup time and JSP compilation time.
11-Aug-2022 16:01:26.916 資訊 [localhost-startStop-1] org.apache.catalina.startup.HostConfig.deployWAR Deployment of web application archive [E:\Education\快樂營\happycamp2022\apache-tomcat-8.5.70\webapps\happycamp.war] has finished in [1,824] ms
11-Aug-2022 16:01:26.929 資訊 [main] org.apache.coyote.AbstractProtocol.start Starting ProtocolHandler ["http-nio-8080"]
11-Aug-2022 16:01:26.948 資訊 [main] org.apache.catalina.startup.Catalina.start Server startup in 1947 ms
11-Aug-2022 16:06:50.256 資訊 [main] org.apache.catalina.startup.VersionLoggerListener.log Server version name:   Apache Tomcat/8.5.70
11-Aug-2022 16:06:50.261 資訊 [main] org.apache.catalina.startup.VersionLoggerListener.log Server built:          Aug 9 2021 16:17:14 UTC
11-Aug-2022 16:06:50.261 資訊 [main] org.apache.catalina.startup.VersionLoggerListener.log Server version number: 8.5.70.0
11-Aug-2022 16:06:50.262 資訊 [main] org.apache.catalina.startup.VersionLoggerListener.log OS Name:               Windows 10
11-Aug-2022 16:06:50.262 資訊 [main] org.apache.catalina.startup.VersionLoggerListener.log OS Version:            10.0
11-Aug-2022 16:06:50.262 資訊 [main] org.apache.catalina.startup.VersionLoggerListener.log Architecture:          amd64
11-Aug-2022 16:06:50.262 資訊 [main] org.apache.catalina.startup.VersionLoggerListener.log Java Home:             C:\Program Files\ojdkbuild\java-1.8.0-openjdk-1.8.0.302-1\jre
11-Aug-2022 16:06:50.263 資訊 [main] org.apache.catalina.startup.VersionLoggerListener.log JVM Version:           1.8.0_302-b08
11-Aug-2022 16:06:50.263 資訊 [main] org.apache.catalina.startup.VersionLoggerListener.log JVM Vendor:            ojdkbuild
11-Aug-2022 16:06:50.263 資訊 [main] org.apache.catalina.startup.VersionLoggerListener.log CATALINA_BASE:         E:\Education\快樂營\happycamp2022\apache-tomcat-8.5.70
11-Aug-2022 16:06:50.263 資訊 [main] org.apache.catalina.startup.VersionLoggerListener.log CATALINA_HOME:         E:\Education\快樂營\happycamp2022\apache-tomcat-8.5.70
11-Aug-2022 16:06:50.265 資訊 [main] org.apache.catalina.startup.VersionLoggerListener.log Command line argument: -Djava.util.logging.config.file=E:\Education\快樂營\happycamp2022\apache-tomcat-8.5.70\conf\logging.properties
11-Aug-2022 16:06:50.265 資訊 [main] org.apache.catalina.startup.VersionLoggerListener.log Command line argument: -Djava.util.logging.manager=org.apache.juli.ClassLoaderLogManager
11-Aug-2022 16:06:50.266 資訊 [main] org.apache.catalina.startup.VersionLoggerListener.log Command line argument: -Djdk.tls.ephemeralDHKeySize=2048
11-Aug-2022 16:06:50.267 資訊 [main] org.apache.catalina.startup.VersionLoggerListener.log Command line argument: -Djava.protocol.handler.pkgs=org.apache.catalina.webresources
11-Aug-2022 16:06:50.268 資訊 [main] org.apache.catalina.startup.VersionLoggerListener.log Command line argument: -Dignore.endorsed.dirs=
11-Aug-2022 16:06:50.269 資訊 [main] org.apache.catalina.startup.VersionLoggerListener.log Command line argument: -Dcatalina.base=E:\Education\快樂營\happycamp2022\apache-tomcat-8.5.70
11-Aug-2022 16:06:50.308 資訊 [main] org.apache.catalina.startup.VersionLoggerListener.log Command line argument: -Dcatalina.home=E:\Education\快樂營\happycamp2022\apache-tomcat-8.5.70
11-Aug-2022 16:06:50.309 資訊 [main] org.apache.catalina.startup.VersionLoggerListener.log Command line argument: -Djava.io.tmpdir=E:\Education\快樂營\happycamp2022\apache-tomcat-8.5.70\temp
11-Aug-2022 16:06:50.310 資訊 [main] org.apache.catalina.core.AprLifecycleListener.lifecycleEvent Loaded Apache Tomcat Native library [1.2.30] using APR version [1.7.0].
11-Aug-2022 16:06:50.312 資訊 [main] org.apache.catalina.core.AprLifecycleListener.lifecycleEvent APR capabilities: IPv6 [true], sendfile [true], accept filters [false], random [true].
11-Aug-2022 16:06:50.313 資訊 [main] org.apache.catalina.core.AprLifecycleListener.lifecycleEvent APR/OpenSSL configuration: useAprConnector [false], useOpenSSL [true]
11-Aug-2022 16:06:50.324 資訊 [main] org.apache.catalina.core.AprLifecycleListener.initializeSSL OpenSSL successfully initialized [OpenSSL 1.1.1k  25 Mar 2021]
11-Aug-2022 16:06:50.629 資訊 [main] org.apache.coyote.AbstractProtocol.init Initializing ProtocolHandler ["http-nio-8080"]
11-Aug-2022 16:06:50.840 資訊 [main] org.apache.tomcat.util.net.NioSelectorPool.getSharedSelector Using a shared selector for servlet write/read
11-Aug-2022 16:06:50.851 資訊 [main] org.apache.catalina.startup.Catalina.load Initialization processed in 1206 ms
11-Aug-2022 16:06:50.895 資訊 [main] org.apache.catalina.core.StandardService.startInternal Starting service [Catalina]
11-Aug-2022 16:06:50.897 資訊 [main] org.apache.catalina.core.StandardEngine.startInternal Starting Servlet engine: [Apache Tomcat/8.5.70]
11-Aug-2022 16:06:50.921 資訊 [localhost-startStop-1] org.apache.catalina.startup.HostConfig.deployWAR Deploying web application archive [E:\Education\快樂營\happycamp2022\apache-tomcat-8.5.70\webapps\happycamp.war]
11-Aug-2022 16:06:51.043 警告 [localhost-startStop-1] org.apache.tomcat.util.descriptor.web.WebXml.setVersion Unknown version string [4.0]. Default version will be used.
11-Aug-2022 16:06:51.570 資訊 [localhost-startStop-1] org.apache.jasper.servlet.TldScanner.scanJars At least one JAR was scanned for TLDs yet contained no TLDs. Enable debug logging for this logger for a complete list of JARs that were scanned but no TLDs were found in them. Skipping unneeded JARs during scanning can improve startup time and JSP compilation time.
11-Aug-2022 16:06:51.633 資訊 [localhost-startStop-1] org.apache.catalina.startup.HostConfig.deployWAR Deployment of web application archive [E:\Education\快樂營\happycamp2022\apache-tomcat-8.5.70\webapps\happycamp.war] has finished in [713] ms
11-Aug-2022 16:06:51.639 資訊 [main] org.apache.coyote.AbstractProtocol.start Starting ProtocolHandler ["http-nio-8080"]
11-Aug-2022 16:06:51.652 資訊 [main] org.apache.catalina.startup.Catalina.start Server startup in 800 ms
11-Aug-2022 16:08:54.605 資訊 [main] org.apache.catalina.startup.VersionLoggerListener.log Server version name:   Apache Tomcat/8.5.70
11-Aug-2022 16:08:54.612 資訊 [main] org.apache.catalina.startup.VersionLoggerListener.log Server built:          Aug 9 2021 16:17:14 UTC
11-Aug-2022 16:08:54.613 資訊 [main] org.apache.catalina.startup.VersionLoggerListener.log Server version number: 8.5.70.0
11-Aug-2022 16:08:54.613 資訊 [main] org.apache.catalina.startup.VersionLoggerListener.log OS Name:               Windows 10
11-Aug-2022 16:08:54.614 資訊 [main] org.apache.catalina.startup.VersionLoggerListener.log OS Version:            10.0
11-Aug-2022 16:08:54.614 資訊 [main] org.apache.catalina.startup.VersionLoggerListener.log Architecture:          amd64
11-Aug-2022 16:08:54.615 資訊 [main] org.apache.catalina.startup.VersionLoggerListener.log Java Home:             C:\Program Files\ojdkbuild\java-1.8.0-openjdk-1.8.0.302-1\jre
11-Aug-2022 16:08:54.615 資訊 [main] org.apache.catalina.startup.VersionLoggerListener.log JVM Version:           1.8.0_302-b08
11-Aug-2022 16:08:54.615 資訊 [main] org.apache.catalina.startup.VersionLoggerListener.log JVM Vendor:            ojdkbuild
11-Aug-2022 16:08:54.616 資訊 [main] org.apache.catalina.startup.VersionLoggerListener.log CATALINA_BASE:         E:\Education\快樂營\happycamp2022\apache-tomcat-8.5.70
11-Aug-2022 16:08:54.617 資訊 [main] org.apache.catalina.startup.VersionLoggerListener.log CATALINA_HOME:         E:\Education\快樂營\happycamp2022\apache-tomcat-8.5.70
11-Aug-2022 16:08:54.618 資訊 [main] org.apache.catalina.startup.VersionLoggerListener.log Command line argument: -Djava.util.logging.config.file=E:\Education\快樂營\happycamp2022\apache-tomcat-8.5.70\conf\logging.properties
11-Aug-2022 16:08:54.619 資訊 [main] org.apache.catalina.startup.VersionLoggerListener.log Command line argument: -Djava.util.logging.manager=org.apache.juli.ClassLoaderLogManager
11-Aug-2022 16:08:54.620 資訊 [main] org.apache.catalina.startup.VersionLoggerListener.log Command line argument: -Djdk.tls.ephemeralDHKeySize=2048
11-Aug-2022 16:08:54.622 資訊 [main] org.apache.catalina.startup.VersionLoggerListener.log Command line argument: -Djava.protocol.handler.pkgs=org.apache.catalina.webresources
11-Aug-2022 16:08:54.623 資訊 [main] org.apache.catalina.startup.VersionLoggerListener.log Command line argument: -Dignore.endorsed.dirs=
11-Aug-2022 16:08:54.624 資訊 [main] org.apache.catalina.startup.VersionLoggerListener.log Command line argument: -Dcatalina.base=E:\Education\快樂營\happycamp2022\apache-tomcat-8.5.70
11-Aug-2022 16:08:54.661 資訊 [main] org.apache.catalina.startup.VersionLoggerListener.log Command line argument: -Dcatalina.home=E:\Education\快樂營\happycamp2022\apache-tomcat-8.5.70
11-Aug-2022 16:08:54.662 資訊 [main] org.apache.catalina.startup.VersionLoggerListener.log Command line argument: -Djava.io.tmpdir=E:\Education\快樂營\happycamp2022\apache-tomcat-8.5.70\temp
11-Aug-2022 16:08:54.665 資訊 [main] org.apache.catalina.core.AprLifecycleListener.lifecycleEvent Loaded Apache Tomcat Native library [1.2.30] using APR version [1.7.0].
11-Aug-2022 16:08:54.671 資訊 [main] org.apache.catalina.core.AprLifecycleListener.lifecycleEvent APR capabilities: IPv6 [true], sendfile [true], accept filters [false], random [true].
11-Aug-2022 16:08:54.671 資訊 [main] org.apache.catalina.core.AprLifecycleListener.lifecycleEvent APR/OpenSSL configuration: useAprConnector [false], useOpenSSL [true]
11-Aug-2022 16:08:54.685 資訊 [main] org.apache.catalina.core.AprLifecycleListener.initializeSSL OpenSSL successfully initialized [OpenSSL 1.1.1k  25 Mar 2021]
11-Aug-2022 16:08:54.944 資訊 [main] org.apache.coyote.AbstractProtocol.init Initializing ProtocolHandler ["http-nio-8080"]
11-Aug-2022 16:08:55.157 資訊 [main] org.apache.tomcat.util.net.NioSelectorPool.getSharedSelector Using a shared selector for servlet write/read
11-Aug-2022 16:08:55.171 資訊 [main] org.apache.catalina.startup.Catalina.load Initialization processed in 1150 ms
11-Aug-2022 16:08:55.211 資訊 [main] org.apache.catalina.core.StandardService.startInternal Starting service [Catalina]
11-Aug-2022 16:08:55.213 資訊 [main] org.apache.catalina.core.StandardEngine.startInternal Starting Servlet engine: [Apache Tomcat/8.5.70]
11-Aug-2022 16:08:55.238 資訊 [localhost-startStop-1] org.apache.catalina.startup.HostConfig.deployWAR Deploying web application archive [E:\Education\快樂營\happycamp2022\apache-tomcat-8.5.70\webapps\happycamp.war]
11-Aug-2022 16:08:55.470 警告 [localhost-startStop-1] org.apache.tomcat.util.descriptor.web.WebXml.setVersion Unknown version string [4.0]. Default version will be used.
11-Aug-2022 16:08:56.045 資訊 [localhost-startStop-1] org.apache.jasper.servlet.TldScanner.scanJars At least one JAR was scanned for TLDs yet contained no TLDs. Enable debug logging for this logger for a complete list of JARs that were scanned but no TLDs were found in them. Skipping unneeded JARs during scanning can improve startup time and JSP compilation time.
11-Aug-2022 16:08:56.109 資訊 [localhost-startStop-1] org.apache.catalina.startup.HostConfig.deployWAR Deployment of web application archive [E:\Education\快樂營\happycamp2022\apache-tomcat-8.5.70\webapps\happycamp.war] has finished in [871] ms
11-Aug-2022 16:08:56.115 資訊 [main] org.apache.coyote.AbstractProtocol.start Starting ProtocolHandler ["http-nio-8080"]
11-Aug-2022 16:08:56.128 資訊 [main] org.apache.catalina.startup.Catalina.start Server startup in 956 ms
11-Aug-2022 16:12:16.388 資訊 [main] org.apache.catalina.startup.VersionLoggerListener.log Server version name:   Apache Tomcat/8.5.70
11-Aug-2022 16:12:16.394 資訊 [main] org.apache.catalina.startup.VersionLoggerListener.log Server built:          Aug 9 2021 16:17:14 UTC
11-Aug-2022 16:12:16.394 資訊 [main] org.apache.catalina.startup.VersionLoggerListener.log Server version number: 8.5.70.0
11-Aug-2022 16:12:16.394 資訊 [main] org.apache.catalina.startup.VersionLoggerListener.log OS Name:               Windows 10
11-Aug-2022 16:12:16.394 資訊 [main] org.apache.catalina.startup.VersionLoggerListener.log OS Version:            10.0
11-Aug-2022 16:12:16.395 資訊 [main] org.apache.catalina.startup.VersionLoggerListener.log Architecture:          amd64
11-Aug-2022 16:12:16.395 資訊 [main] org.apache.catalina.startup.VersionLoggerListener.log Java Home:             C:\Program Files\ojdkbuild\java-1.8.0-openjdk-1.8.0.302-1\jre
11-Aug-2022 16:12:16.395 資訊 [main] org.apache.catalina.startup.VersionLoggerListener.log JVM Version:           1.8.0_302-b08
11-Aug-2022 16:12:16.396 資訊 [main] org.apache.catalina.startup.VersionLoggerListener.log JVM Vendor:            ojdkbuild
11-Aug-2022 16:12:16.396 資訊 [main] org.apache.catalina.startup.VersionLoggerListener.log CATALINA_BASE:         E:\Education\快樂營\happycamp2022\apache-tomcat-8.5.70
11-Aug-2022 16:12:16.396 資訊 [main] org.apache.catalina.startup.VersionLoggerListener.log CATALINA_HOME:         E:\Education\快樂營\happycamp2022\apache-tomcat-8.5.70
11-Aug-2022 16:12:16.398 資訊 [main] org.apache.catalina.startup.VersionLoggerListener.log Command line argument: -Djava.util.logging.config.file=E:\Education\快樂營\happycamp2022\apache-tomcat-8.5.70\conf\logging.properties
11-Aug-2022 16:12:16.399 資訊 [main] org.apache.catalina.startup.VersionLoggerListener.log Command line argument: -Djava.util.logging.manager=org.apache.juli.ClassLoaderLogManager
11-Aug-2022 16:12:16.400 資訊 [main] org.apache.catalina.startup.VersionLoggerListener.log Command line argument: -Djdk.tls.ephemeralDHKeySize=2048
11-Aug-2022 16:12:16.400 資訊 [main] org.apache.catalina.startup.VersionLoggerListener.log Command line argument: -Djava.protocol.handler.pkgs=org.apache.catalina.webresources
11-Aug-2022 16:12:16.402 資訊 [main] org.apache.catalina.startup.VersionLoggerListener.log Command line argument: -Dignore.endorsed.dirs=
11-Aug-2022 16:12:16.403 資訊 [main] org.apache.catalina.startup.VersionLoggerListener.log Command line argument: -Dcatalina.base=E:\Education\快樂營\happycamp2022\apache-tomcat-8.5.70
11-Aug-2022 16:12:16.441 資訊 [main] org.apache.catalina.startup.VersionLoggerListener.log Command line argument: -Dcatalina.home=E:\Education\快樂營\happycamp2022\apache-tomcat-8.5.70
11-Aug-2022 16:12:16.445 資訊 [main] org.apache.catalina.startup.VersionLoggerListener.log Command line argument: -Djava.io.tmpdir=E:\Education\快樂營\happycamp2022\apache-tomcat-8.5.70\temp
11-Aug-2022 16:12:16.447 資訊 [main] org.apache.catalina.core.AprLifecycleListener.lifecycleEvent Loaded Apache Tomcat Native library [1.2.30] using APR version [1.7.0].
11-Aug-2022 16:12:16.447 資訊 [main] org.apache.catalina.core.AprLifecycleListener.lifecycleEvent APR capabilities: IPv6 [true], sendfile [true], accept filters [false], random [true].
11-Aug-2022 16:12:16.448 資訊 [main] org.apache.catalina.core.AprLifecycleListener.lifecycleEvent APR/OpenSSL configuration: useAprConnector [false], useOpenSSL [true]
11-Aug-2022 16:12:16.459 資訊 [main] org.apache.catalina.core.AprLifecycleListener.initializeSSL OpenSSL successfully initialized [OpenSSL 1.1.1k  25 Mar 2021]
11-Aug-2022 16:12:16.786 資訊 [main] org.apache.coyote.AbstractProtocol.init Initializing ProtocolHandler ["http-nio-8080"]
11-Aug-2022 16:12:17.017 資訊 [main] org.apache.tomcat.util.net.NioSelectorPool.getSharedSelector Using a shared selector for servlet write/read
11-Aug-2022 16:12:17.032 資訊 [main] org.apache.catalina.startup.Catalina.load Initialization processed in 1245 ms
11-Aug-2022 16:12:17.073 資訊 [main] org.apache.catalina.core.StandardService.startInternal Starting service [Catalina]
11-Aug-2022 16:12:17.074 資訊 [main] org.apache.catalina.core.StandardEngine.startInternal Starting Servlet engine: [Apache Tomcat/8.5.70]
11-Aug-2022 16:12:17.098 資訊 [localhost-startStop-1] org.apache.catalina.startup.HostConfig.deployWAR Deploying web application archive [E:\Education\快樂營\happycamp2022\apache-tomcat-8.5.70\webapps\happycamp.war]
11-Aug-2022 16:12:17.269 警告 [localhost-startStop-1] org.apache.tomcat.util.descriptor.web.WebXml.setVersion Unknown version string [4.0]. Default version will be used.
11-Aug-2022 16:12:17.815 資訊 [localhost-startStop-1] org.apache.jasper.servlet.TldScanner.scanJars At least one JAR was scanned for TLDs yet contained no TLDs. Enable debug logging for this logger for a complete list of JARs that were scanned but no TLDs were found in them. Skipping unneeded JARs during scanning can improve startup time and JSP compilation time.
11-Aug-2022 16:12:17.879 資訊 [localhost-startStop-1] org.apache.catalina.startup.HostConfig.deployWAR Deployment of web application archive [E:\Education\快樂營\happycamp2022\apache-tomcat-8.5.70\webapps\happycamp.war] has finished in [781] ms
11-Aug-2022 16:12:17.885 資訊 [main] org.apache.coyote.AbstractProtocol.start Starting ProtocolHandler ["http-nio-8080"]
11-Aug-2022 16:12:17.898 資訊 [main] org.apache.catalina.startup.Catalina.start Server startup in 864 ms
11-Aug-2022 16:22:09.184 資訊 [ContainerBackgroundProcessor[StandardEngine[Catalina]]] org.apache.catalina.startup.HostConfig.undeploy Undeploying context [/happycamp]
11-Aug-2022 16:25:39.301 資訊 [main] org.apache.catalina.startup.VersionLoggerListener.log Server version name:   Apache Tomcat/8.5.70
11-Aug-2022 16:25:39.311 資訊 [main] org.apache.catalina.startup.VersionLoggerListener.log Server built:          Aug 9 2021 16:17:14 UTC
11-Aug-2022 16:25:39.312 資訊 [main] org.apache.catalina.startup.VersionLoggerListener.log Server version number: 8.5.70.0
11-Aug-2022 16:25:39.312 資訊 [main] org.apache.catalina.startup.VersionLoggerListener.log OS Name:               Windows 10
11-Aug-2022 16:25:39.312 資訊 [main] org.apache.catalina.startup.VersionLoggerListener.log OS Version:            10.0
11-Aug-2022 16:25:39.312 資訊 [main] org.apache.catalina.startup.VersionLoggerListener.log Architecture:          amd64
11-Aug-2022 16:25:39.312 資訊 [main] org.apache.catalina.startup.VersionLoggerListener.log Java Home:             C:\Program Files\ojdkbuild\java-1.8.0-openjdk-1.8.0.302-1\jre
11-Aug-2022 16:25:39.313 資訊 [main] org.apache.catalina.startup.VersionLoggerListener.log JVM Version:           1.8.0_302-b08
11-Aug-2022 16:25:39.313 資訊 [main] org.apache.catalina.startup.VersionLoggerListener.log JVM Vendor:            ojdkbuild
11-Aug-2022 16:25:39.313 資訊 [main] org.apache.catalina.startup.VersionLoggerListener.log CATALINA_BASE:         E:\Education\快樂營\happycamp2022\apache-tomcat-8.5.70
11-Aug-2022 16:25:39.313 資訊 [main] org.apache.catalina.startup.VersionLoggerListener.log CATALINA_HOME:         E:\Education\快樂營\happycamp2022\apache-tomcat-8.5.70
11-Aug-2022 16:25:39.314 資訊 [main] org.apache.catalina.startup.VersionLoggerListener.log Command line argument: -Djava.util.logging.config.file=E:\Education\快樂營\happycamp2022\apache-tomcat-8.5.70\conf\logging.properties
11-Aug-2022 16:25:39.315 資訊 [main] org.apache.catalina.startup.VersionLoggerListener.log Command line argument: -Djava.util.logging.manager=org.apache.juli.ClassLoaderLogManager
11-Aug-2022 16:25:39.316 資訊 [main] org.apache.catalina.startup.VersionLoggerListener.log Command line argument: -Djdk.tls.ephemeralDHKeySize=2048
11-Aug-2022 16:25:39.317 資訊 [main] org.apache.catalina.startup.VersionLoggerListener.log Command line argument: -Djava.protocol.handler.pkgs=org.apache.catalina.webresources
11-Aug-2022 16:25:39.318 資訊 [main] org.apache.catalina.startup.VersionLoggerListener.log Command line argument: -Dignore.endorsed.dirs=
11-Aug-2022 16:25:39.319 資訊 [main] org.apache.catalina.startup.VersionLoggerListener.log Command line argument: -Dcatalina.base=E:\Education\快樂營\happycamp2022\apache-tomcat-8.5.70
11-Aug-2022 16:25:39.354 資訊 [main] org.apache.catalina.startup.VersionLoggerListener.log Command line argument: -Dcatalina.home=E:\Education\快樂營\happycamp2022\apache-tomcat-8.5.70
11-Aug-2022 16:25:39.356 資訊 [main] org.apache.catalina.startup.VersionLoggerListener.log Command line argument: -Djava.io.tmpdir=E:\Education\快樂營\happycamp2022\apache-tomcat-8.5.70\temp
11-Aug-2022 16:25:39.356 資訊 [main] org.apache.catalina.core.AprLifecycleListener.lifecycleEvent Loaded Apache Tomcat Native library [1.2.30] using APR version [1.7.0].
11-Aug-2022 16:25:39.358 資訊 [main] org.apache.catalina.core.AprLifecycleListener.lifecycleEvent APR capabilities: IPv6 [true], sendfile [true], accept filters [false], random [true].
11-Aug-2022 16:25:39.360 資訊 [main] org.apache.catalina.core.AprLifecycleListener.lifecycleEvent APR/OpenSSL configuration: useAprConnector [false], useOpenSSL [true]
11-Aug-2022 16:25:39.384 資訊 [main] org.apache.catalina.core.AprLifecycleListener.initializeSSL OpenSSL successfully initialized [OpenSSL 1.1.1k  25 Mar 2021]
11-Aug-2022 16:25:39.636 資訊 [main] org.apache.coyote.AbstractProtocol.init Initializing ProtocolHandler ["http-nio-8080"]
11-Aug-2022 16:25:39.649 嚴重 [main] org.apache.catalina.core.StandardService.initInternal Failed to initialize connector [Connector[HTTP/1.1-8080]]
	org.apache.catalina.LifecycleException: Protocol handler initialization failed
		at org.apache.catalina.connector.Connector.initInternal(Connector.java:1076)
		at org.apache.catalina.util.LifecycleBase.init(LifecycleBase.java:136)
		at org.apache.catalina.core.StandardService.initInternal(StandardService.java:552)
		at org.apache.catalina.util.LifecycleBase.init(LifecycleBase.java:136)
		at org.apache.catalina.core.StandardServer.initInternal(StandardServer.java:843)
		at org.apache.catalina.util.LifecycleBase.init(LifecycleBase.java:136)
		at org.apache.catalina.startup.Catalina.load(Catalina.java:639)
		at org.apache.catalina.startup.Catalina.load(Catalina.java:662)
		at sun.reflect.NativeMethodAccessorImpl.invoke0(Native Method)
		at sun.reflect.NativeMethodAccessorImpl.invoke(NativeMethodAccessorImpl.java:62)
		at sun.reflect.DelegatingMethodAccessorImpl.invoke(DelegatingMethodAccessorImpl.java:43)
		at java.lang.reflect.Method.invoke(Method.java:498)
		at org.apache.catalina.startup.Bootstrap.load(Bootstrap.java:305)
		at org.apache.catalina.startup.Bootstrap.main(Bootstrap.java:475)
	Caused by: java.net.BindException: Address already in use: bind
		at sun.nio.ch.Net.bind0(Native Method)
		at sun.nio.ch.Net.bind(Net.java:461)
		at sun.nio.ch.Net.bind(Net.java:453)
		at sun.nio.ch.ServerSocketChannelImpl.bind(ServerSocketChannelImpl.java:222)
		at sun.nio.ch.ServerSocketAdaptor.bind(ServerSocketAdaptor.java:85)
		at org.apache.tomcat.util.net.NioEndpoint.bind(NioEndpoint.java:221)
		at org.apache.tomcat.util.net.AbstractEndpoint.init(AbstractEndpoint.java:1147)
		at org.apache.tomcat.util.net.AbstractJsseEndpoint.init(AbstractJsseEndpoint.java:222)
		at org.apache.coyote.AbstractProtocol.init(AbstractProtocol.java:599)
		at org.apache.coyote.http11.AbstractHttp11Protocol.init(AbstractHttp11Protocol.java:80)
		at org.apache.catalina.connector.Connector.initInternal(Connector.java:1074)
		... 13 more
11-Aug-2022 16:25:39.652 資訊 [main] org.apache.catalina.startup.Catalina.load Initialization processed in 933 ms
11-Aug-2022 16:25:39.745 資訊 [main] org.apache.catalina.core.StandardService.startInternal Starting service [Catalina]
11-Aug-2022 16:25:39.747 資訊 [main] org.apache.catalina.core.StandardEngine.startInternal Starting Servlet engine: [Apache Tomcat/8.5.70]
11-Aug-2022 16:25:39.771 資訊 [localhost-startStop-1] org.apache.catalina.startup.HostConfig.deployWAR Deploying web application archive [E:\Education\快樂營\happycamp2022\apache-tomcat-8.5.70\webapps\HappyCamp.war]
11-Aug-2022 16:25:41.076 警告 [localhost-startStop-1] org.apache.catalina.util.SessionIdGeneratorBase.createSecureRandom Creation of SecureRandom instance for session ID generation using [SHA1PRNG] took [201] milliseconds.
11-Aug-2022 16:25:41.100 資訊 [localhost-startStop-1] org.apache.catalina.startup.HostConfig.deployWAR Deployment of web application archive [E:\Education\快樂營\happycamp2022\apache-tomcat-8.5.70\webapps\HappyCamp.war] has finished in [1,329] ms
11-Aug-2022 16:25:41.106 資訊 [main] org.apache.catalina.startup.Catalina.start Server startup in 1452 ms
11-Aug-2022 16:25:41.116 嚴重 [main] org.apache.catalina.core.StandardServer.await StandardServer.await: create[localhost:8005]: 
	java.net.BindException: Address already in use: JVM_Bind
		at java.net.DualStackPlainSocketImpl.bind0(Native Method)
		at java.net.DualStackPlainSocketImpl.socketBind(DualStackPlainSocketImpl.java:106)
		at java.net.AbstractPlainSocketImpl.bind(AbstractPlainSocketImpl.java:387)
		at java.net.PlainSocketImpl.bind(PlainSocketImpl.java:190)
		at java.net.ServerSocket.bind(ServerSocket.java:390)
		at java.net.ServerSocket.<init>(ServerSocket.java:252)
		at org.apache.catalina.core.StandardServer.await(StandardServer.java:414)
		at org.apache.catalina.startup.Catalina.await(Catalina.java:776)
		at org.apache.catalina.startup.Catalina.start(Catalina.java:722)
		at sun.reflect.NativeMethodAccessorImpl.invoke0(Native Method)
		at sun.reflect.NativeMethodAccessorImpl.invoke(NativeMethodAccessorImpl.java:62)
		at sun.reflect.DelegatingMethodAccessorImpl.invoke(DelegatingMethodAccessorImpl.java:43)
		at java.lang.reflect.Method.invoke(Method.java:498)
		at org.apache.catalina.startup.Bootstrap.start(Bootstrap.java:345)
		at org.apache.catalina.startup.Bootstrap.main(Bootstrap.java:476)
11-Aug-2022 16:25:41.119 資訊 [main] org.apache.coyote.AbstractProtocol.pause Pausing ProtocolHandler ["http-nio-8080"]
11-Aug-2022 16:25:41.120 資訊 [main] org.apache.catalina.core.StandardService.stopInternal Stopping service [Catalina]
11-Aug-2022 16:25:41.138 資訊 [main] org.apache.coyote.AbstractProtocol.stop Stopping ProtocolHandler ["http-nio-8080"]
11-Aug-2022 16:25:41.139 資訊 [main] org.apache.coyote.AbstractProtocol.destroy Destroying ProtocolHandler ["http-nio-8080"]
11-Aug-2022 16:25:53.273 資訊 [main] org.apache.catalina.startup.VersionLoggerListener.log Server version name:   Apache Tomcat/8.5.70
11-Aug-2022 16:25:53.278 資訊 [main] org.apache.catalina.startup.VersionLoggerListener.log Server built:          Aug 9 2021 16:17:14 UTC
11-Aug-2022 16:25:53.279 資訊 [main] org.apache.catalina.startup.VersionLoggerListener.log Server version number: 8.5.70.0
11-Aug-2022 16:25:53.279 資訊 [main] org.apache.catalina.startup.VersionLoggerListener.log OS Name:               Windows 10
11-Aug-2022 16:25:53.279 資訊 [main] org.apache.catalina.startup.VersionLoggerListener.log OS Version:            10.0
11-Aug-2022 16:25:53.279 資訊 [main] org.apache.catalina.startup.VersionLoggerListener.log Architecture:          amd64
11-Aug-2022 16:25:53.279 資訊 [main] org.apache.catalina.startup.VersionLoggerListener.log Java Home:             C:\Program Files\ojdkbuild\java-1.8.0-openjdk-1.8.0.302-1\jre
11-Aug-2022 16:25:53.280 資訊 [main] org.apache.catalina.startup.VersionLoggerListener.log JVM Version:           1.8.0_302-b08
11-Aug-2022 16:25:53.280 資訊 [main] org.apache.catalina.startup.VersionLoggerListener.log JVM Vendor:            ojdkbuild
11-Aug-2022 16:25:53.280 資訊 [main] org.apache.catalina.startup.VersionLoggerListener.log CATALINA_BASE:         E:\Education\快樂營\happycamp2022\apache-tomcat-8.5.70
11-Aug-2022 16:25:53.280 資訊 [main] org.apache.catalina.startup.VersionLoggerListener.log CATALINA_HOME:         E:\Education\快樂營\happycamp2022\apache-tomcat-8.5.70
11-Aug-2022 16:25:53.282 資訊 [main] org.apache.catalina.startup.VersionLoggerListener.log Command line argument: -Djava.util.logging.config.file=E:\Education\快樂營\happycamp2022\apache-tomcat-8.5.70\conf\logging.properties
11-Aug-2022 16:25:53.283 資訊 [main] org.apache.catalina.startup.VersionLoggerListener.log Command line argument: -Djava.util.logging.manager=org.apache.juli.ClassLoaderLogManager
11-Aug-2022 16:25:53.286 資訊 [main] org.apache.catalina.startup.VersionLoggerListener.log Command line argument: -Djdk.tls.ephemeralDHKeySize=2048
11-Aug-2022 16:25:53.287 資訊 [main] org.apache.catalina.startup.VersionLoggerListener.log Command line argument: -Djava.protocol.handler.pkgs=org.apache.catalina.webresources
11-Aug-2022 16:25:53.288 資訊 [main] org.apache.catalina.startup.VersionLoggerListener.log Command line argument: -Dignore.endorsed.dirs=
11-Aug-2022 16:25:53.289 資訊 [main] org.apache.catalina.startup.VersionLoggerListener.log Command line argument: -Dcatalina.base=E:\Education\快樂營\happycamp2022\apache-tomcat-8.5.70
11-Aug-2022 16:25:53.327 資訊 [main] org.apache.catalina.startup.VersionLoggerListener.log Command line argument: -Dcatalina.home=E:\Education\快樂營\happycamp2022\apache-tomcat-8.5.70
11-Aug-2022 16:25:53.329 資訊 [main] org.apache.catalina.startup.VersionLoggerListener.log Command line argument: -Djava.io.tmpdir=E:\Education\快樂營\happycamp2022\apache-tomcat-8.5.70\temp
11-Aug-2022 16:25:53.330 資訊 [main] org.apache.catalina.core.AprLifecycleListener.lifecycleEvent Loaded Apache Tomcat Native library [1.2.30] using APR version [1.7.0].
11-Aug-2022 16:25:53.331 資訊 [main] org.apache.catalina.core.AprLifecycleListener.lifecycleEvent APR capabilities: IPv6 [true], sendfile [true], accept filters [false], random [true].
11-Aug-2022 16:25:53.338 資訊 [main] org.apache.catalina.core.AprLifecycleListener.lifecycleEvent APR/OpenSSL configuration: useAprConnector [false], useOpenSSL [true]
11-Aug-2022 16:25:53.350 資訊 [main] org.apache.catalina.core.AprLifecycleListener.initializeSSL OpenSSL successfully initialized [OpenSSL 1.1.1k  25 Mar 2021]
11-Aug-2022 16:25:53.603 資訊 [main] org.apache.coyote.AbstractProtocol.init Initializing ProtocolHandler ["http-nio-8080"]
11-Aug-2022 16:25:53.817 資訊 [main] org.apache.tomcat.util.net.NioSelectorPool.getSharedSelector Using a shared selector for servlet write/read
11-Aug-2022 16:25:53.832 資訊 [main] org.apache.catalina.startup.Catalina.load Initialization processed in 1175 ms
11-Aug-2022 16:25:53.875 資訊 [main] org.apache.catalina.core.StandardService.startInternal Starting service [Catalina]
11-Aug-2022 16:25:53.877 資訊 [main] org.apache.catalina.core.StandardEngine.startInternal Starting Servlet engine: [Apache Tomcat/8.5.70]
11-Aug-2022 16:25:53.901 資訊 [localhost-startStop-1] org.apache.catalina.startup.HostConfig.deployWAR Deploying web application archive [E:\Education\快樂營\happycamp2022\apache-tomcat-8.5.70\webapps\HappyCamp.war]
11-Aug-2022 16:25:54.212 資訊 [localhost-startStop-1] org.apache.catalina.startup.HostConfig.deployWAR Deployment of web application archive [E:\Education\快樂營\happycamp2022\apache-tomcat-8.5.70\webapps\HappyCamp.war] has finished in [312] ms
11-Aug-2022 16:25:54.218 資訊 [main] org.apache.coyote.AbstractProtocol.start Starting ProtocolHandler ["http-nio-8080"]
11-Aug-2022 16:25:54.232 資訊 [main] org.apache.catalina.startup.Catalina.start Server startup in 398 ms
11-Aug-2022 16:26:22.456 嚴重 [main] org.apache.catalina.startup.Catalina.stopServer Could not contact [localhost:8005]. Tomcat may not be running.
11-Aug-2022 16:26:22.471 嚴重 [main] org.apache.catalina.startup.Catalina.stopServer Catalina.stop: 
	java.net.ConnectException: Connection refused: connect
		at java.net.DualStackPlainSocketImpl.connect0(Native Method)
		at java.net.DualStackPlainSocketImpl.socketConnect(DualStackPlainSocketImpl.java:79)
		at java.net.AbstractPlainSocketImpl.doConnect(AbstractPlainSocketImpl.java:350)
		at java.net.AbstractPlainSocketImpl.connectToAddress(AbstractPlainSocketImpl.java:206)
		at java.net.AbstractPlainSocketImpl.connect(AbstractPlainSocketImpl.java:188)
		at java.net.PlainSocketImpl.connect(PlainSocketImpl.java:172)
		at java.net.SocksSocketImpl.connect(SocksSocketImpl.java:392)
		at java.net.Socket.connect(Socket.java:607)
		at java.net.Socket.connect(Socket.java:556)
		at java.net.Socket.<init>(Socket.java:452)
		at java.net.Socket.<init>(Socket.java:229)
		at org.apache.catalina.startup.Catalina.stopServer(Catalina.java:504)
		at sun.reflect.NativeMethodAccessorImpl.invoke0(Native Method)
		at sun.reflect.NativeMethodAccessorImpl.invoke(NativeMethodAccessorImpl.java:62)
		at sun.reflect.DelegatingMethodAccessorImpl.invoke(DelegatingMethodAccessorImpl.java:43)
		at java.lang.reflect.Method.invoke(Method.java:498)
		at org.apache.catalina.startup.Bootstrap.stopServer(Bootstrap.java:391)
		at org.apache.catalina.startup.Bootstrap.main(Bootstrap.java:481)
11-Aug-2022 16:26:25.885 資訊 [main] org.apache.catalina.startup.VersionLoggerListener.log Server version name:   Apache Tomcat/8.5.70
11-Aug-2022 16:26:25.890 資訊 [main] org.apache.catalina.startup.VersionLoggerListener.log Server built:          Aug 9 2021 16:17:14 UTC
11-Aug-2022 16:26:25.891 資訊 [main] org.apache.catalina.startup.VersionLoggerListener.log Server version number: 8.5.70.0
11-Aug-2022 16:26:25.891 資訊 [main] org.apache.catalina.startup.VersionLoggerListener.log OS Name:               Windows 10
11-Aug-2022 16:26:25.891 資訊 [main] org.apache.catalina.startup.VersionLoggerListener.log OS Version:            10.0
11-Aug-2022 16:26:25.891 資訊 [main] org.apache.catalina.startup.VersionLoggerListener.log Architecture:          amd64
11-Aug-2022 16:26:25.891 資訊 [main] org.apache.catalina.startup.VersionLoggerListener.log Java Home:             C:\Program Files\ojdkbuild\java-1.8.0-openjdk-1.8.0.302-1\jre
11-Aug-2022 16:26:25.892 資訊 [main] org.apache.catalina.startup.VersionLoggerListener.log JVM Version:           1.8.0_302-b08
11-Aug-2022 16:26:25.892 資訊 [main] org.apache.catalina.startup.VersionLoggerListener.log JVM Vendor:            ojdkbuild
11-Aug-2022 16:26:25.892 資訊 [main] org.apache.catalina.startup.VersionLoggerListener.log CATALINA_BASE:         E:\Education\快樂營\happycamp2022\apache-tomcat-8.5.70
11-Aug-2022 16:26:25.892 資訊 [main] org.apache.catalina.startup.VersionLoggerListener.log CATALINA_HOME:         E:\Education\快樂營\happycamp2022\apache-tomcat-8.5.70
11-Aug-2022 16:26:25.893 資訊 [main] org.apache.catalina.startup.VersionLoggerListener.log Command line argument: -Djava.util.logging.config.file=E:\Education\快樂營\happycamp2022\apache-tomcat-8.5.70\conf\logging.properties
11-Aug-2022 16:26:25.894 資訊 [main] org.apache.catalina.startup.VersionLoggerListener.log Command line argument: -Djava.util.logging.manager=org.apache.juli.ClassLoaderLogManager
11-Aug-2022 16:26:25.895 資訊 [main] org.apache.catalina.startup.VersionLoggerListener.log Command line argument: -Djdk.tls.ephemeralDHKeySize=2048
11-Aug-2022 16:26:25.896 資訊 [main] org.apache.catalina.startup.VersionLoggerListener.log Command line argument: -Djava.protocol.handler.pkgs=org.apache.catalina.webresources
11-Aug-2022 16:26:25.898 資訊 [main] org.apache.catalina.startup.VersionLoggerListener.log Command line argument: -Dignore.endorsed.dirs=
11-Aug-2022 16:26:25.899 資訊 [main] org.apache.catalina.startup.VersionLoggerListener.log Command line argument: -Dcatalina.base=E:\Education\快樂營\happycamp2022\apache-tomcat-8.5.70
11-Aug-2022 16:26:25.936 資訊 [main] org.apache.catalina.startup.VersionLoggerListener.log Command line argument: -Dcatalina.home=E:\Education\快樂營\happycamp2022\apache-tomcat-8.5.70
11-Aug-2022 16:26:25.937 資訊 [main] org.apache.catalina.startup.VersionLoggerListener.log Command line argument: -Djava.io.tmpdir=E:\Education\快樂營\happycamp2022\apache-tomcat-8.5.70\temp
11-Aug-2022 16:26:25.938 資訊 [main] org.apache.catalina.core.AprLifecycleListener.lifecycleEvent Loaded Apache Tomcat Native library [1.2.30] using APR version [1.7.0].
11-Aug-2022 16:26:25.939 資訊 [main] org.apache.catalina.core.AprLifecycleListener.lifecycleEvent APR capabilities: IPv6 [true], sendfile [true], accept filters [false], random [true].
11-Aug-2022 16:26:25.940 資訊 [main] org.apache.catalina.core.AprLifecycleListener.lifecycleEvent APR/OpenSSL configuration: useAprConnector [false], useOpenSSL [true]
11-Aug-2022 16:26:25.951 資訊 [main] org.apache.catalina.core.AprLifecycleListener.initializeSSL OpenSSL successfully initialized [OpenSSL 1.1.1k  25 Mar 2021]
11-Aug-2022 16:26:26.196 資訊 [main] org.apache.coyote.AbstractProtocol.init Initializing ProtocolHandler ["http-nio-8080"]
11-Aug-2022 16:26:26.403 資訊 [main] org.apache.tomcat.util.net.NioSelectorPool.getSharedSelector Using a shared selector for servlet write/read
11-Aug-2022 16:26:26.415 資訊 [main] org.apache.catalina.startup.Catalina.load Initialization processed in 1115 ms
11-Aug-2022 16:26:26.452 資訊 [main] org.apache.catalina.core.StandardService.startInternal Starting service [Catalina]
11-Aug-2022 16:26:26.454 資訊 [main] org.apache.catalina.core.StandardEngine.startInternal Starting Servlet engine: [Apache Tomcat/8.5.70]
11-Aug-2022 16:26:26.479 資訊 [localhost-startStop-1] org.apache.catalina.startup.HostConfig.deployWAR Deploying web application archive [E:\Education\快樂營\happycamp2022\apache-tomcat-8.5.70\webapps\HappyCamp.war]
11-Aug-2022 16:26:26.789 資訊 [localhost-startStop-1] org.apache.catalina.startup.HostConfig.deployWAR Deployment of web application archive [E:\Education\快樂營\happycamp2022\apache-tomcat-8.5.70\webapps\HappyCamp.war] has finished in [309] ms
11-Aug-2022 16:26:26.795 資訊 [main] org.apache.coyote.AbstractProtocol.start Starting ProtocolHandler ["http-nio-8080"]
11-Aug-2022 16:26:26.809 資訊 [main] org.apache.catalina.startup.Catalina.start Server startup in 393 ms
11-Aug-2022 16:26:42.689 嚴重 [main] org.apache.catalina.startup.Catalina.stopServer Could not contact [localhost:8005]. Tomcat may not be running.
11-Aug-2022 16:26:42.697 嚴重 [main] org.apache.catalina.startup.Catalina.stopServer Catalina.stop: 
	java.net.ConnectException: Connection refused: connect
		at java.net.DualStackPlainSocketImpl.connect0(Native Method)
		at java.net.DualStackPlainSocketImpl.socketConnect(DualStackPlainSocketImpl.java:79)
		at java.net.AbstractPlainSocketImpl.doConnect(AbstractPlainSocketImpl.java:350)
		at java.net.AbstractPlainSocketImpl.connectToAddress(AbstractPlainSocketImpl.java:206)
		at java.net.AbstractPlainSocketImpl.connect(AbstractPlainSocketImpl.java:188)
		at java.net.PlainSocketImpl.connect(PlainSocketImpl.java:172)
		at java.net.SocksSocketImpl.connect(SocksSocketImpl.java:392)
		at java.net.Socket.connect(Socket.java:607)
		at java.net.Socket.connect(Socket.java:556)
		at java.net.Socket.<init>(Socket.java:452)
		at java.net.Socket.<init>(Socket.java:229)
		at org.apache.catalina.startup.Catalina.stopServer(Catalina.java:504)
		at sun.reflect.NativeMethodAccessorImpl.invoke0(Native Method)
		at sun.reflect.NativeMethodAccessorImpl.invoke(NativeMethodAccessorImpl.java:62)
		at sun.reflect.DelegatingMethodAccessorImpl.invoke(DelegatingMethodAccessorImpl.java:43)
		at java.lang.reflect.Method.invoke(Method.java:498)
		at org.apache.catalina.startup.Bootstrap.stopServer(Bootstrap.java:391)
		at org.apache.catalina.startup.Bootstrap.main(Bootstrap.java:481)
11-Aug-2022 16:27:04.649 資訊 [main] org.apache.catalina.startup.VersionLoggerListener.log Server version name:   Apache Tomcat/8.5.70
11-Aug-2022 16:27:04.655 資訊 [main] org.apache.catalina.startup.VersionLoggerListener.log Server built:          Aug 9 2021 16:17:14 UTC
11-Aug-2022 16:27:04.655 資訊 [main] org.apache.catalina.startup.VersionLoggerListener.log Server version number: 8.5.70.0
11-Aug-2022 16:27:04.655 資訊 [main] org.apache.catalina.startup.VersionLoggerListener.log OS Name:               Windows 10
11-Aug-2022 16:27:04.655 資訊 [main] org.apache.catalina.startup.VersionLoggerListener.log OS Version:            10.0
11-Aug-2022 16:27:04.655 資訊 [main] org.apache.catalina.startup.VersionLoggerListener.log Architecture:          amd64
11-Aug-2022 16:27:04.656 資訊 [main] org.apache.catalina.startup.VersionLoggerListener.log Java Home:             C:\Program Files\ojdkbuild\java-1.8.0-openjdk-1.8.0.302-1\jre
11-Aug-2022 16:27:04.656 資訊 [main] org.apache.catalina.startup.VersionLoggerListener.log JVM Version:           1.8.0_302-b08
11-Aug-2022 16:27:04.656 資訊 [main] org.apache.catalina.startup.VersionLoggerListener.log JVM Vendor:            ojdkbuild
11-Aug-2022 16:27:04.657 資訊 [main] org.apache.catalina.startup.VersionLoggerListener.log CATALINA_BASE:         E:\Education\快樂營\happycamp2022\apache-tomcat-8.5.70
11-Aug-2022 16:27:04.657 資訊 [main] org.apache.catalina.startup.VersionLoggerListener.log CATALINA_HOME:         E:\Education\快樂營\happycamp2022\apache-tomcat-8.5.70
11-Aug-2022 16:27:04.659 資訊 [main] org.apache.catalina.startup.VersionLoggerListener.log Command line argument: -Djava.util.logging.config.file=E:\Education\快樂營\happycamp2022\apache-tomcat-8.5.70\conf\logging.properties
11-Aug-2022 16:27:04.659 資訊 [main] org.apache.catalina.startup.VersionLoggerListener.log Command line argument: -Djava.util.logging.manager=org.apache.juli.ClassLoaderLogManager
11-Aug-2022 16:27:04.660 資訊 [main] org.apache.catalina.startup.VersionLoggerListener.log Command line argument: -Djdk.tls.ephemeralDHKeySize=2048
11-Aug-2022 16:27:04.661 資訊 [main] org.apache.catalina.startup.VersionLoggerListener.log Command line argument: -Djava.protocol.handler.pkgs=org.apache.catalina.webresources
11-Aug-2022 16:27:04.662 資訊 [main] org.apache.catalina.startup.VersionLoggerListener.log Command line argument: -Dignore.endorsed.dirs=
11-Aug-2022 16:27:04.673 資訊 [main] org.apache.catalina.startup.VersionLoggerListener.log Command line argument: -Dcatalina.base=E:\Education\快樂營\happycamp2022\apache-tomcat-8.5.70
11-Aug-2022 16:27:04.700 資訊 [main] org.apache.catalina.startup.VersionLoggerListener.log Command line argument: -Dcatalina.home=E:\Education\快樂營\happycamp2022\apache-tomcat-8.5.70
11-Aug-2022 16:27:04.700 資訊 [main] org.apache.catalina.startup.VersionLoggerListener.log Command line argument: -Djava.io.tmpdir=E:\Education\快樂營\happycamp2022\apache-tomcat-8.5.70\temp
11-Aug-2022 16:27:04.703 資訊 [main] org.apache.catalina.core.AprLifecycleListener.lifecycleEvent Loaded Apache Tomcat Native library [1.2.30] using APR version [1.7.0].
11-Aug-2022 16:27:04.703 資訊 [main] org.apache.catalina.core.AprLifecycleListener.lifecycleEvent APR capabilities: IPv6 [true], sendfile [true], accept filters [false], random [true].
11-Aug-2022 16:27:04.704 資訊 [main] org.apache.catalina.core.AprLifecycleListener.lifecycleEvent APR/OpenSSL configuration: useAprConnector [false], useOpenSSL [true]
11-Aug-2022 16:27:04.716 資訊 [main] org.apache.catalina.core.AprLifecycleListener.initializeSSL OpenSSL successfully initialized [OpenSSL 1.1.1k  25 Mar 2021]
11-Aug-2022 16:27:05.017 資訊 [main] org.apache.coyote.AbstractProtocol.init Initializing ProtocolHandler ["http-nio-8080"]
11-Aug-2022 16:27:05.231 資訊 [main] org.apache.tomcat.util.net.NioSelectorPool.getSharedSelector Using a shared selector for servlet write/read
11-Aug-2022 16:27:05.243 資訊 [main] org.apache.catalina.startup.Catalina.load Initialization processed in 1219 ms
11-Aug-2022 16:27:05.281 資訊 [main] org.apache.catalina.core.StandardService.startInternal Starting service [Catalina]
11-Aug-2022 16:27:05.283 資訊 [main] org.apache.catalina.core.StandardEngine.startInternal Starting Servlet engine: [Apache Tomcat/8.5.70]
11-Aug-2022 16:27:05.306 資訊 [localhost-startStop-1] org.apache.catalina.startup.HostConfig.deployWAR Deploying web application archive [E:\Education\快樂營\happycamp2022\apache-tomcat-8.5.70\webapps\HappyCamp.war]
11-Aug-2022 16:27:05.569 資訊 [localhost-startStop-1] org.apache.catalina.startup.HostConfig.deployWAR Deployment of web application archive [E:\Education\快樂營\happycamp2022\apache-tomcat-8.5.70\webapps\HappyCamp.war] has finished in [263] ms
11-Aug-2022 16:27:05.576 資訊 [main] org.apache.coyote.AbstractProtocol.start Starting ProtocolHandler ["http-nio-8080"]
11-Aug-2022 16:27:05.590 資訊 [main] org.apache.catalina.startup.Catalina.start Server startup in 346 ms
11-Aug-2022 16:27:22.923 嚴重 [main] org.apache.catalina.startup.Catalina.stopServer Could not contact [localhost:8005]. Tomcat may not be running.
11-Aug-2022 16:27:22.928 嚴重 [main] org.apache.catalina.startup.Catalina.stopServer Catalina.stop: 
	java.net.ConnectException: Connection refused: connect
		at java.net.DualStackPlainSocketImpl.connect0(Native Method)
		at java.net.DualStackPlainSocketImpl.socketConnect(DualStackPlainSocketImpl.java:79)
		at java.net.AbstractPlainSocketImpl.doConnect(AbstractPlainSocketImpl.java:350)
		at java.net.AbstractPlainSocketImpl.connectToAddress(AbstractPlainSocketImpl.java:206)
		at java.net.AbstractPlainSocketImpl.connect(AbstractPlainSocketImpl.java:188)
		at java.net.PlainSocketImpl.connect(PlainSocketImpl.java:172)
		at java.net.SocksSocketImpl.connect(SocksSocketImpl.java:392)
		at java.net.Socket.connect(Socket.java:607)
		at java.net.Socket.connect(Socket.java:556)
		at java.net.Socket.<init>(Socket.java:452)
		at java.net.Socket.<init>(Socket.java:229)
		at org.apache.catalina.startup.Catalina.stopServer(Catalina.java:504)
		at sun.reflect.NativeMethodAccessorImpl.invoke0(Native Method)
		at sun.reflect.NativeMethodAccessorImpl.invoke(NativeMethodAccessorImpl.java:62)
		at sun.reflect.DelegatingMethodAccessorImpl.invoke(DelegatingMethodAccessorImpl.java:43)
		at java.lang.reflect.Method.invoke(Method.java:498)
		at org.apache.catalina.startup.Bootstrap.stopServer(Bootstrap.java:391)
		at org.apache.catalina.startup.Bootstrap.main(Bootstrap.java:481)
11-Aug-2022 16:28:26.843 資訊 [main] org.apache.catalina.startup.VersionLoggerListener.log Server version name:   Apache Tomcat/8.5.70
11-Aug-2022 16:28:26.849 資訊 [main] org.apache.catalina.startup.VersionLoggerListener.log Server built:          Aug 9 2021 16:17:14 UTC
11-Aug-2022 16:28:26.849 資訊 [main] org.apache.catalina.startup.VersionLoggerListener.log Server version number: 8.5.70.0
11-Aug-2022 16:28:26.849 資訊 [main] org.apache.catalina.startup.VersionLoggerListener.log OS Name:               Windows 10
11-Aug-2022 16:28:26.850 資訊 [main] org.apache.catalina.startup.VersionLoggerListener.log OS Version:            10.0
11-Aug-2022 16:28:26.850 資訊 [main] org.apache.catalina.startup.VersionLoggerListener.log Architecture:          amd64
11-Aug-2022 16:28:26.850 資訊 [main] org.apache.catalina.startup.VersionLoggerListener.log Java Home:             C:\Program Files\ojdkbuild\java-1.8.0-openjdk-1.8.0.302-1\jre
11-Aug-2022 16:28:26.850 資訊 [main] org.apache.catalina.startup.VersionLoggerListener.log JVM Version:           1.8.0_302-b08
11-Aug-2022 16:28:26.851 資訊 [main] org.apache.catalina.startup.VersionLoggerListener.log JVM Vendor:            ojdkbuild
11-Aug-2022 16:28:26.851 資訊 [main] org.apache.catalina.startup.VersionLoggerListener.log CATALINA_BASE:         E:\Education\快樂營\happycamp2022\apache-tomcat-8.5.70
11-Aug-2022 16:28:26.851 資訊 [main] org.apache.catalina.startup.VersionLoggerListener.log CATALINA_HOME:         E:\Education\快樂營\happycamp2022\apache-tomcat-8.5.70
11-Aug-2022 16:28:26.852 資訊 [main] org.apache.catalina.startup.VersionLoggerListener.log Command line argument: -Djava.util.logging.config.file=E:\Education\快樂營\happycamp2022\apache-tomcat-8.5.70\conf\logging.properties
11-Aug-2022 16:28:26.853 資訊 [main] org.apache.catalina.startup.VersionLoggerListener.log Command line argument: -Djava.util.logging.manager=org.apache.juli.ClassLoaderLogManager
11-Aug-2022 16:28:26.854 資訊 [main] org.apache.catalina.startup.VersionLoggerListener.log Command line argument: -Djdk.tls.ephemeralDHKeySize=2048
11-Aug-2022 16:28:26.855 資訊 [main] org.apache.catalina.startup.VersionLoggerListener.log Command line argument: -Djava.protocol.handler.pkgs=org.apache.catalina.webresources
11-Aug-2022 16:28:26.856 資訊 [main] org.apache.catalina.startup.VersionLoggerListener.log Command line argument: -Dignore.endorsed.dirs=
11-Aug-2022 16:28:26.859 資訊 [main] org.apache.catalina.startup.VersionLoggerListener.log Command line argument: -Dcatalina.base=E:\Education\快樂營\happycamp2022\apache-tomcat-8.5.70
11-Aug-2022 16:28:26.897 資訊 [main] org.apache.catalina.startup.VersionLoggerListener.log Command line argument: -Dcatalina.home=E:\Education\快樂營\happycamp2022\apache-tomcat-8.5.70
11-Aug-2022 16:28:26.898 資訊 [main] org.apache.catalina.startup.VersionLoggerListener.log Command line argument: -Djava.io.tmpdir=E:\Education\快樂營\happycamp2022\apache-tomcat-8.5.70\temp
11-Aug-2022 16:28:26.900 資訊 [main] org.apache.catalina.core.AprLifecycleListener.lifecycleEvent Loaded Apache Tomcat Native library [1.2.30] using APR version [1.7.0].
11-Aug-2022 16:28:26.903 資訊 [main] org.apache.catalina.core.AprLifecycleListener.lifecycleEvent APR capabilities: IPv6 [true], sendfile [true], accept filters [false], random [true].
11-Aug-2022 16:28:26.905 資訊 [main] org.apache.catalina.core.AprLifecycleListener.lifecycleEvent APR/OpenSSL configuration: useAprConnector [false], useOpenSSL [true]
11-Aug-2022 16:28:26.918 資訊 [main] org.apache.catalina.core.AprLifecycleListener.initializeSSL OpenSSL successfully initialized [OpenSSL 1.1.1k  25 Mar 2021]
11-Aug-2022 16:28:27.177 資訊 [main] org.apache.coyote.AbstractProtocol.init Initializing ProtocolHandler ["http-nio-8080"]
11-Aug-2022 16:28:27.384 資訊 [main] org.apache.tomcat.util.net.NioSelectorPool.getSharedSelector Using a shared selector for servlet write/read
11-Aug-2022 16:28:27.399 資訊 [main] org.apache.catalina.startup.Catalina.load Initialization processed in 1211 ms
11-Aug-2022 16:28:27.439 資訊 [main] org.apache.catalina.core.StandardService.startInternal Starting service [Catalina]
11-Aug-2022 16:28:27.441 資訊 [main] org.apache.catalina.core.StandardEngine.startInternal Starting Servlet engine: [Apache Tomcat/8.5.70]
11-Aug-2022 16:28:27.463 資訊 [localhost-startStop-1] org.apache.catalina.startup.HostConfig.deployWAR Deploying web application archive [E:\Education\快樂營\happycamp2022\apache-tomcat-8.5.70\webapps\HappyCamp.war]
11-Aug-2022 16:28:28.416 警告 [localhost-startStop-1] org.apache.tomcat.util.descriptor.web.WebXml.setVersion Unknown version string [4.0]. Default version will be used.
11-Aug-2022 16:28:28.967 資訊 [localhost-startStop-1] org.apache.jasper.servlet.TldScanner.scanJars At least one JAR was scanned for TLDs yet contained no TLDs. Enable debug logging for this logger for a complete list of JARs that were scanned but no TLDs were found in them. Skipping unneeded JARs during scanning can improve startup time and JSP compilation time.
11-Aug-2022 16:28:29.032 資訊 [localhost-startStop-1] org.apache.catalina.startup.HostConfig.deployWAR Deployment of web application archive [E:\Education\快樂營\happycamp2022\apache-tomcat-8.5.70\webapps\HappyCamp.war] has finished in [1,568] ms
11-Aug-2022 16:28:29.038 資訊 [main] org.apache.coyote.AbstractProtocol.start Starting ProtocolHandler ["http-nio-8080"]
11-Aug-2022 16:28:29.049 資訊 [main] org.apache.catalina.startup.Catalina.start Server startup in 1648 ms
11-Aug-2022 16:30:05.378 嚴重 [main] org.apache.catalina.startup.Catalina.stopServer Could not contact [localhost:8005]. Tomcat may not be running.
11-Aug-2022 16:30:05.385 嚴重 [main] org.apache.catalina.startup.Catalina.stopServer Catalina.stop: 
	java.net.ConnectException: Connection refused: connect
		at java.net.DualStackPlainSocketImpl.connect0(Native Method)
		at java.net.DualStackPlainSocketImpl.socketConnect(DualStackPlainSocketImpl.java:79)
		at java.net.AbstractPlainSocketImpl.doConnect(AbstractPlainSocketImpl.java:350)
		at java.net.AbstractPlainSocketImpl.connectToAddress(AbstractPlainSocketImpl.java:206)
		at java.net.AbstractPlainSocketImpl.connect(AbstractPlainSocketImpl.java:188)
		at java.net.PlainSocketImpl.connect(PlainSocketImpl.java:172)
		at java.net.SocksSocketImpl.connect(SocksSocketImpl.java:392)
		at java.net.Socket.connect(Socket.java:607)
		at java.net.Socket.connect(Socket.java:556)
		at java.net.Socket.<init>(Socket.java:452)
		at java.net.Socket.<init>(Socket.java:229)
		at org.apache.catalina.startup.Catalina.stopServer(Catalina.java:504)
		at sun.reflect.NativeMethodAccessorImpl.invoke0(Native Method)
		at sun.reflect.NativeMethodAccessorImpl.invoke(NativeMethodAccessorImpl.java:62)
		at sun.reflect.DelegatingMethodAccessorImpl.invoke(DelegatingMethodAccessorImpl.java:43)
		at java.lang.reflect.Method.invoke(Method.java:498)
		at org.apache.catalina.startup.Bootstrap.stopServer(Bootstrap.java:391)
		at org.apache.catalina.startup.Bootstrap.main(Bootstrap.java:481)
11-Aug-2022 16:36:58.247 嚴重 [main] org.apache.catalina.startup.Catalina.stopServer Could not contact [localhost:8005]. Tomcat may not be running.
11-Aug-2022 16:36:58.261 嚴重 [main] org.apache.catalina.startup.Catalina.stopServer Catalina.stop: 
	java.net.ConnectException: Connection refused: connect
		at java.net.DualStackPlainSocketImpl.connect0(Native Method)
		at java.net.DualStackPlainSocketImpl.socketConnect(DualStackPlainSocketImpl.java:79)
		at java.net.AbstractPlainSocketImpl.doConnect(AbstractPlainSocketImpl.java:350)
		at java.net.AbstractPlainSocketImpl.connectToAddress(AbstractPlainSocketImpl.java:206)
		at java.net.AbstractPlainSocketImpl.connect(AbstractPlainSocketImpl.java:188)
		at java.net.PlainSocketImpl.connect(PlainSocketImpl.java:172)
		at java.net.SocksSocketImpl.connect(SocksSocketImpl.java:392)
		at java.net.Socket.connect(Socket.java:607)
		at java.net.Socket.connect(Socket.java:556)
		at java.net.Socket.<init>(Socket.java:452)
		at java.net.Socket.<init>(Socket.java:229)
		at org.apache.catalina.startup.Catalina.stopServer(Catalina.java:504)
		at sun.reflect.NativeMethodAccessorImpl.invoke0(Native Method)
		at sun.reflect.NativeMethodAccessorImpl.invoke(NativeMethodAccessorImpl.java:62)
		at sun.reflect.DelegatingMethodAccessorImpl.invoke(DelegatingMethodAccessorImpl.java:43)
		at java.lang.reflect.Method.invoke(Method.java:498)
		at org.apache.catalina.startup.Bootstrap.stopServer(Bootstrap.java:391)
		at org.apache.catalina.startup.Bootstrap.main(Bootstrap.java:481)
11-Aug-2022 16:37:02.172 資訊 [main] org.apache.catalina.startup.VersionLoggerListener.log Server version name:   Apache Tomcat/8.5.70
11-Aug-2022 16:37:02.179 資訊 [main] org.apache.catalina.startup.VersionLoggerListener.log Server built:          Aug 9 2021 16:17:14 UTC
11-Aug-2022 16:37:02.179 資訊 [main] org.apache.catalina.startup.VersionLoggerListener.log Server version number: 8.5.70.0
11-Aug-2022 16:37:02.179 資訊 [main] org.apache.catalina.startup.VersionLoggerListener.log OS Name:               Windows 10
11-Aug-2022 16:37:02.180 資訊 [main] org.apache.catalina.startup.VersionLoggerListener.log OS Version:            10.0
11-Aug-2022 16:37:02.180 資訊 [main] org.apache.catalina.startup.VersionLoggerListener.log Architecture:          amd64
11-Aug-2022 16:37:02.180 資訊 [main] org.apache.catalina.startup.VersionLoggerListener.log Java Home:             C:\Program Files\ojdkbuild\java-1.8.0-openjdk-1.8.0.302-1\jre
11-Aug-2022 16:37:02.181 資訊 [main] org.apache.catalina.startup.VersionLoggerListener.log JVM Version:           1.8.0_302-b08
11-Aug-2022 16:37:02.181 資訊 [main] org.apache.catalina.startup.VersionLoggerListener.log JVM Vendor:            ojdkbuild
11-Aug-2022 16:37:02.181 資訊 [main] org.apache.catalina.startup.VersionLoggerListener.log CATALINA_BASE:         E:\Education\快樂營\happycamp2022\apache-tomcat-8.5.70
11-Aug-2022 16:37:02.181 資訊 [main] org.apache.catalina.startup.VersionLoggerListener.log CATALINA_HOME:         E:\Education\快樂營\happycamp2022\apache-tomcat-8.5.70
11-Aug-2022 16:37:02.185 資訊 [main] org.apache.catalina.startup.VersionLoggerListener.log Command line argument: -Djava.util.logging.config.file=E:\Education\快樂營\happycamp2022\apache-tomcat-8.5.70\conf\logging.properties
11-Aug-2022 16:37:02.186 資訊 [main] org.apache.catalina.startup.VersionLoggerListener.log Command line argument: -Djava.util.logging.manager=org.apache.juli.ClassLoaderLogManager
11-Aug-2022 16:37:02.187 資訊 [main] org.apache.catalina.startup.VersionLoggerListener.log Command line argument: -Djdk.tls.ephemeralDHKeySize=2048
11-Aug-2022 16:37:02.188 資訊 [main] org.apache.catalina.startup.VersionLoggerListener.log Command line argument: -Djava.protocol.handler.pkgs=org.apache.catalina.webresources
11-Aug-2022 16:37:02.189 資訊 [main] org.apache.catalina.startup.VersionLoggerListener.log Command line argument: -Dignore.endorsed.dirs=
11-Aug-2022 16:37:02.190 資訊 [main] org.apache.catalina.startup.VersionLoggerListener.log Command line argument: -Dcatalina.base=E:\Education\快樂營\happycamp2022\apache-tomcat-8.5.70
11-Aug-2022 16:37:02.228 資訊 [main] org.apache.catalina.startup.VersionLoggerListener.log Command line argument: -Dcatalina.home=E:\Education\快樂營\happycamp2022\apache-tomcat-8.5.70
11-Aug-2022 16:37:02.231 資訊 [main] org.apache.catalina.startup.VersionLoggerListener.log Command line argument: -Djava.io.tmpdir=E:\Education\快樂營\happycamp2022\apache-tomcat-8.5.70\temp
11-Aug-2022 16:37:02.233 資訊 [main] org.apache.catalina.core.AprLifecycleListener.lifecycleEvent Loaded Apache Tomcat Native library [1.2.30] using APR version [1.7.0].
11-Aug-2022 16:37:02.236 資訊 [main] org.apache.catalina.core.AprLifecycleListener.lifecycleEvent APR capabilities: IPv6 [true], sendfile [true], accept filters [false], random [true].
11-Aug-2022 16:37:02.238 資訊 [main] org.apache.catalina.core.AprLifecycleListener.lifecycleEvent APR/OpenSSL configuration: useAprConnector [false], useOpenSSL [true]
11-Aug-2022 16:37:02.250 資訊 [main] org.apache.catalina.core.AprLifecycleListener.initializeSSL OpenSSL successfully initialized [OpenSSL 1.1.1k  25 Mar 2021]
11-Aug-2022 16:37:02.509 資訊 [main] org.apache.coyote.AbstractProtocol.init Initializing ProtocolHandler ["http-nio-8080"]
11-Aug-2022 16:37:02.731 資訊 [main] org.apache.tomcat.util.net.NioSelectorPool.getSharedSelector Using a shared selector for servlet write/read
11-Aug-2022 16:37:02.745 資訊 [main] org.apache.catalina.startup.Catalina.load Initialization processed in 1153 ms
11-Aug-2022 16:37:02.782 資訊 [main] org.apache.catalina.core.StandardService.startInternal Starting service [Catalina]
11-Aug-2022 16:37:02.784 資訊 [main] org.apache.catalina.core.StandardEngine.startInternal Starting Servlet engine: [Apache Tomcat/8.5.70]
11-Aug-2022 16:37:02.809 資訊 [localhost-startStop-1] org.apache.catalina.startup.HostConfig.deployWAR Deploying web application archive [E:\Education\快樂營\happycamp2022\apache-tomcat-8.5.70\webapps\HappyCamp.war]
11-Aug-2022 16:37:03.717 警告 [localhost-startStop-1] org.apache.tomcat.util.descriptor.web.WebXml.setVersion Unknown version string [4.0]. Default version will be used.
11-Aug-2022 16:37:04.249 資訊 [localhost-startStop-1] org.apache.jasper.servlet.TldScanner.scanJars At least one JAR was scanned for TLDs yet contained no TLDs. Enable debug logging for this logger for a complete list of JARs that were scanned but no TLDs were found in them. Skipping unneeded JARs during scanning can improve startup time and JSP compilation time.
11-Aug-2022 16:37:04.312 資訊 [localhost-startStop-1] org.apache.catalina.startup.HostConfig.deployWAR Deployment of web application archive [E:\Education\快樂營\happycamp2022\apache-tomcat-8.5.70\webapps\HappyCamp.war] has finished in [1,503] ms
11-Aug-2022 16:37:04.318 資訊 [main] org.apache.coyote.AbstractProtocol.start Starting ProtocolHandler ["http-nio-8080"]
11-Aug-2022 16:37:04.331 資訊 [main] org.apache.catalina.startup.Catalina.start Server startup in 1586 ms
11-Aug-2022 16:38:24.816 嚴重 [main] org.apache.catalina.startup.Catalina.stopServer Could not contact [localhost:8005]. Tomcat may not be running.
11-Aug-2022 16:38:25.057 嚴重 [main] org.apache.catalina.startup.Catalina.stopServer Catalina.stop: 
	java.net.ConnectException: Connection refused: connect
		at java.net.DualStackPlainSocketImpl.connect0(Native Method)
		at java.net.DualStackPlainSocketImpl.socketConnect(DualStackPlainSocketImpl.java:79)
		at java.net.AbstractPlainSocketImpl.doConnect(AbstractPlainSocketImpl.java:350)
		at java.net.AbstractPlainSocketImpl.connectToAddress(AbstractPlainSocketImpl.java:206)
		at java.net.AbstractPlainSocketImpl.connect(AbstractPlainSocketImpl.java:188)
		at java.net.PlainSocketImpl.connect(PlainSocketImpl.java:172)
		at java.net.SocksSocketImpl.connect(SocksSocketImpl.java:392)
		at java.net.Socket.connect(Socket.java:607)
		at java.net.Socket.connect(Socket.java:556)
		at java.net.Socket.<init>(Socket.java:452)
		at java.net.Socket.<init>(Socket.java:229)
		at org.apache.catalina.startup.Catalina.stopServer(Catalina.java:504)
		at sun.reflect.NativeMethodAccessorImpl.invoke0(Native Method)
		at sun.reflect.NativeMethodAccessorImpl.invoke(NativeMethodAccessorImpl.java:62)
		at sun.reflect.DelegatingMethodAccessorImpl.invoke(DelegatingMethodAccessorImpl.java:43)
		at java.lang.reflect.Method.invoke(Method.java:498)
		at org.apache.catalina.startup.Bootstrap.stopServer(Bootstrap.java:391)
		at org.apache.catalina.startup.Bootstrap.main(Bootstrap.java:481)
