[2021-09-13 15:35:06,117] ERROR ntut.ccai.servlet.Login.doGet(Login.java:64) - 
[2021-09-15 15:19:16,095] ERROR ntut.ccai.servlet.Login.doGet(Login.java:64) - 
[2021-09-15 15:23:00,179] ERROR ntut.ccai.servlet.Login.doGet(Login.java:64) - 
[2021-09-16 14:28:05,008] ERROR ntut.ccai.servlet.Login.doGet(Login.java:64) - 
[2021-09-27 23:17:50,037] ERROR ntut.ccai.servlet.Login.doGet(Login.java:64) - 
[2021-11-20 14:16:42,888] ERROR ntut.ccai.bean.UserData.queryDataStudent(UserData.java:231) - 使用者[學生]基本資料發生錯誤!SQL ERROR: SELECT a.rgno as staff_code, a.CNAME AS staff_cname, (SELECT sch_cname FROM vschool  WHERE sch_code =?) FROM stu_basis a JOIN stu_register b ON a.rgno = b.rgno JOIN common.mis_system c ON b.sbj_year = c.sbj_year AND b.sbj_sem = c.sbj_sem WHERE a.rgno = ?   AND c.sys_link = 'SyncStuApp'   AND b.sts_code ='0'
[2021-11-20 14:16:42,897] ERROR ntut.ccai.bean.UserData.queryDataStudent(UserData.java:232) - staff_code=L223215225
[2021-11-20 14:16:42,897] ERROR ntut.ccai.bean.UserData.queryDataStudent(UserData.java:233) - sch_code=034335
[2021-11-20 14:16:42,899] ERROR ntut.ccai.servlet.MyPortalContent.doGet(MyPortalContent.java:162) - 檢查權限時發生例外錯誤!com.ibm.db2.jcc.am.SqlDataException: DB2 SQL Error: SQLCODE=-420, SQLSTATE=22018, SQLERRMC=DECFLOAT, DRIVER=4.21.29
[2021-11-20 14:47:05,918] ERROR ntut.ccai.servlet.Login.doGet(Login.java:64) - 
[2021-11-20 14:50:48,596] ERROR ntut.ccai.servlet.Login.doGet(Login.java:64) - 
[2021-11-20 14:57:10,187] ERROR ntut.ccai.servlet.Login.doGet(Login.java:64) - 
[2022-01-25 17:47:12,185] ERROR ntut.ccai.servlet.Login.doGet(Login.java:64) - 
[2022-01-27 12:21:15,129] ERROR ntut.ccai.servlet.Login.doGet(Login.java:64) - 
[2022-01-27 13:37:59,147] ERROR ntut.ccai.servlet.Login.doGet(Login.java:64) - 
[2022-04-22 17:38:02,591] ERROR ntut.ccai.servlet.Login.doGet(Login.java:64) - IP:140.124.181.19,錯誤原因:學校代碼(034335)錯誤!
Exception:com.ibm.db2.jcc.am.SqlException: [jcc][t4][10262][11223][4.21.29] 捕捉到非預期的 Throwable：null。 ERRORCODE=-4228, SQLSTATE=null
[2022-04-22 17:38:19,197] ERROR ntut.ccai.servlet.Login.doGet(Login.java:64) - IP:140.124.181.19,錯誤原因:學校代碼(034335)錯誤!
Exception:com.ibm.db2.jcc.am.SqlException: [jcc][t4][10262][11223][4.21.29] 捕捉到非預期的 Throwable：null。 ERRORCODE=-4228, SQLSTATE=null
[2022-05-13 14:39:50,727] ERROR ntut.ccai.servlet.Login.doGet(Login.java:64) - 
[2022-06-26 04:12:48,677] ERROR ntut.ccai.servlet.Logout.doGet(Logout.java:59) - ex:
java.lang.IllegalArgumentException: An invalid domain [.ntut.edu.tw] was specified for this cookie
	at org.apache.tomcat.util.http.Rfc6265CookieProcessor.validateDomain(Rfc6265CookieProcessor.java:218)
	at org.apache.tomcat.util.http.Rfc6265CookieProcessor.generateHeader(Rfc6265CookieProcessor.java:153)
	at org.apache.catalina.connector.Response.generateCookieString(Response.java:1008)
	at org.apache.catalina.connector.Response.addCookie(Response.java:956)
	at org.apache.catalina.connector.ResponseFacade.addCookie(ResponseFacade.java:383)
	at ntpc.bean.CookieES.cleanCookie(CookieES.java:82)
	at ntut.ccai.servlet.Logout.doGet(Logout.java:43)
	at javax.servlet.http.HttpServlet.service(HttpServlet.java:655)
	at javax.servlet.http.HttpServlet.service(HttpServlet.java:764)
	at org.apache.catalina.core.ApplicationFilterChain.internalDoFilter(ApplicationFilterChain.java:231)
	at org.apache.catalina.core.ApplicationFilterChain.doFilter(ApplicationFilterChain.java:166)
	at org.apache.tomcat.websocket.server.WsFilter.doFilter(WsFilter.java:52)
	at org.apache.catalina.core.ApplicationFilterChain.internalDoFilter(ApplicationFilterChain.java:193)
	at org.apache.catalina.core.ApplicationFilterChain.doFilter(ApplicationFilterChain.java:166)
	at org.apache.catalina.core.StandardWrapperValve.invoke(StandardWrapperValve.java:196)
	at org.apache.catalina.core.StandardContextValve.invoke(StandardContextValve.java:97)
	at org.apache.catalina.authenticator.AuthenticatorBase.invoke(AuthenticatorBase.java:544)
	at org.apache.catalina.core.StandardHostValve.invoke(StandardHostValve.java:135)
	at org.apache.catalina.valves.ErrorReportValve.invoke(ErrorReportValve.java:81)
	at org.apache.catalina.valves.AbstractAccessLogValve.invoke(AbstractAccessLogValve.java:698)
	at org.apache.catalina.core.StandardEngineValve.invoke(StandardEngineValve.java:78)
	at org.apache.catalina.connector.CoyoteAdapter.service(CoyoteAdapter.java:364)
	at org.apache.coyote.http11.Http11Processor.service(Http11Processor.java:624)
	at org.apache.coyote.AbstractProcessorLight.process(AbstractProcessorLight.java:65)
	at org.apache.coyote.AbstractProtocol$ConnectionHandler.process(AbstractProtocol.java:831)
	at org.apache.tomcat.util.net.NioEndpoint$SocketProcessor.doRun(NioEndpoint.java:1650)
	at org.apache.tomcat.util.net.SocketProcessorBase.run(SocketProcessorBase.java:49)
	at org.apache.tomcat.util.threads.ThreadPoolExecutor.runWorker(ThreadPoolExecutor.java:1191)
	at org.apache.tomcat.util.threads.ThreadPoolExecutor$Worker.run(ThreadPoolExecutor.java:659)
	at org.apache.tomcat.util.threads.TaskThread$WrappingRunnable.run(TaskThread.java:61)
	at java.lang.Thread.run(Thread.java:748)
